
cmd: /home/hasindu/hasindu2008.git/slow5/slow5tools view /data/slow5-testdata/GZFN211103//slow5/bench.slow5 --to blow5 -c none
/home/hasindu/hasindu2008.git/slow5/slow5tools: real time = 4985.874 sec | CPU time = 4783.348 sec | peak RAM = 0.126 GB
	Command being timed: "/home/hasindu/hasindu2008.git/slow5/slow5tools view /data/slow5-testdata/GZFN211103//slow5/bench.slow5 --to blow5 -c none"
	User time (seconds): 4450.44
	System time (seconds): 332.90
	Percent of CPU this job got: 95%
	Elapsed (wall clock) time (h:mm:ss or m:ss): 1:23:05
	Average shared text size (kbytes): 0
	Average unshared data size (kbytes): 0
	Average stack size (kbytes): 0
	Average total size (kbytes): 0
	Maximum resident set size (kbytes): 132120
	Average resident set size (kbytes): 0
	Major (requiring I/O) page faults: 7
	Minor (reclaiming a frame) page faults: 849476
	Voluntary context switches: 2255583
	Involuntary context switches: 8777
	Swaps: 0
	File system inputs: 897105560
	File system outputs: 448618704
	Socket messages sent: 0
	Socket messages received: 0
	Signals delivered: 0
	Page size (bytes): 4096
	Exit status: 0
