
cmd: /home/hasindu/hasindu2008.git/slow5/slow5tools view /data/slow5-testdata/GZFN211103//slow5/bench.slow5 --to blow5 -c gzip
/home/hasindu/hasindu2008.git/slow5/slow5tools: real time = 23284.924 sec | CPU time = 23102.930 sec | peak RAM = 0.132 GB
	Command being timed: "/home/hasindu/hasindu2008.git/slow5/slow5tools view /data/slow5-testdata/GZFN211103//slow5/bench.slow5 --to blow5 -c gzip"
	User time (seconds): 22835.47
	System time (seconds): 267.45
	Percent of CPU this job got: 99%
	Elapsed (wall clock) time (h:mm:ss or m:ss): 6:28:04
	Average shared text size (kbytes): 0
	Average unshared data size (kbytes): 0
	Average stack size (kbytes): 0
	Average total size (kbytes): 0
	Maximum resident set size (kbytes): 138844
	Average resident set size (kbytes): 0
	Major (requiring I/O) page faults: 0
	Minor (reclaiming a frame) page faults: 372801
	Voluntary context switches: 2174663
	Involuntary context switches: 35894
	Swaps: 0
	File system inputs: 897105120
	File system outputs: 262512520
	Socket messages sent: 0
	Socket messages received: 0
	Signals delivered: 0
	Page size (bytes): 4096
	Exit status: 0
