
cmd: /home/hasindu/hasindu2008.git/slow5/slow5tools index /data/slow5-testdata/GZFN211103//slow5/bench_gz.blow5
/home/hasindu/hasindu2008.git/slow5/slow5tools: real time = 1597.667 sec | CPU time = 1575.836 sec | peak RAM = 0.078 GB
	Command being timed: "/home/hasindu/hasindu2008.git/slow5/slow5tools index /data/slow5-testdata/GZFN211103//slow5/bench_gz.blow5"
	User time (seconds): 1544.17
	System time (seconds): 31.65
	Percent of CPU this job got: 98%
	Elapsed (wall clock) time (h:mm:ss or m:ss): 26:37.67
	Average shared text size (kbytes): 0
	Average unshared data size (kbytes): 0
	Average stack size (kbytes): 0
	Average total size (kbytes): 0
	Maximum resident set size (kbytes): 81780
	Average resident set size (kbytes): 0
	Major (requiring I/O) page faults: 2
	Minor (reclaiming a frame) page faults: 67713
	Voluntary context switches: 195408
	Involuntary context switches: 1665
	Swaps: 0
	File system inputs: 104403456
	File system outputs: 52360
	Socket messages sent: 0
	Socket messages received: 0
	Signals delivered: 0
	Page size (bytes): 4096
	Exit status: 0
