
cmd: /home/hasindu/hasindu2008.git/slow5/slow5tools index /data/slow5-testdata/GZFN211103//slow5/bench.blow5
/home/hasindu/hasindu2008.git/slow5/slow5tools: real time = 218.012 sec | CPU time = 100.645 sec | peak RAM = 0.092 GB
	Command being timed: "/home/hasindu/hasindu2008.git/slow5/slow5tools index /data/slow5-testdata/GZFN211103//slow5/bench.blow5"
	User time (seconds): 24.32
	System time (seconds): 76.32
	Percent of CPU this job got: 46%
	Elapsed (wall clock) time (h:mm:ss or m:ss): 3:38.01
	Average shared text size (kbytes): 0
	Average unshared data size (kbytes): 0
	Average stack size (kbytes): 0
	Average total size (kbytes): 0
	Maximum resident set size (kbytes): 96228
	Average resident set size (kbytes): 0
	Major (requiring I/O) page faults: 0
	Minor (reclaiming a frame) page faults: 84163
	Voluntary context switches: 1383108
	Involuntary context switches: 244
	Swaps: 0
	File system inputs: 448618696
	File system outputs: 52360
	Socket messages sent: 0
	Socket messages received: 0
	Signals delivered: 0
	Page size (bytes): 4096
	Exit status: 0
